mysqld, Version: 5.6.45 (MySQL Community Server (GPL)). started with:
Tcp port: 3306  Unix socket: /var/run/mysqld/mysqld.sock
Time                 Id Command    Argument
# Time: 190803 16:53:45
# User@Host: root[root] @ project-first-go.project_default [192.168.48.3]  Id:     6
# Query_time: 0.000116  Lock_time: 0.000000 Rows_sent: 1  Rows_examined: 0
SET timestamp=1564851225;
select @@version_comment limit 1;
# Time: 190803 16:53:47
# User@Host: root[root] @ project-first-go.project_default [192.168.48.3]  Id:     6
# Query_time: 0.000023  Lock_time: 0.000000 Rows_sent: 1  Rows_examined: 0
SET timestamp=1564851227;
# administrator command: Quit;
# Time: 190803 17:01:48
# User@Host: root[root] @ localhost []  Id:     7
# Query_time: 0.000106  Lock_time: 0.000000 Rows_sent: 1  Rows_examined: 0
SET timestamp=1564851708;
select @@version_comment limit 1;
# Time: 190803 17:01:50
# User@Host: root[root] @ localhost []  Id:     7
# Query_time: 0.012025  Lock_time: 0.000091 Rows_sent: 4  Rows_examined: 4
SET timestamp=1564851710;
show databases;
# Time: 190803 17:02:20
# User@Host: root[root] @ project-first-go.project_default [192.168.48.3]  Id:     8
# Query_time: 0.004055  Lock_time: 0.000000 Rows_sent: 0  Rows_examined: 0
use project;
SET timestamp=1564851740;
# administrator command: Prepare;
# User@Host: root[root] @ project-first-go.project_default [192.168.48.3]  Id:     8
# Query_time: 0.000150  Lock_time: 0.000044 Rows_sent: 1  Rows_examined: 1
SET timestamp=1564851740;
SELECT `id`, `title` FROM `movie` WHERE `id`=1 LIMIT 1;
# User@Host: root[root] @ project-first-go.project_default [192.168.48.3]  Id:     8
# Query_time: 0.000019  Lock_time: 0.000000 Rows_sent: 1  Rows_examined: 1
SET timestamp=1564851740;
# administrator command: Close stmt;
# Time: 190803 17:02:21
# User@Host: root[root] @ project-first-go.project_default [192.168.48.3]  Id:     8
# Query_time: 0.000176  Lock_time: 0.000000 Rows_sent: 0  Rows_examined: 0
SET timestamp=1564851741;
# administrator command: Prepare;
# User@Host: root[root] @ project-first-go.project_default [192.168.48.3]  Id:     8
# Query_time: 0.000186  Lock_time: 0.000061 Rows_sent: 1  Rows_examined: 1
SET timestamp=1564851741;
SELECT `id`, `title` FROM `movie` WHERE `id`=1 LIMIT 1;
# User@Host: root[root] @ project-first-go.project_default [192.168.48.3]  Id:     8
# Query_time: 0.000030  Lock_time: 0.000000 Rows_sent: 1  Rows_examined: 1
SET timestamp=1564851741;
# administrator command: Close stmt;
# Time: 190803 17:04:07
# User@Host: root[root] @ project-first-go.project_default [192.168.48.3]  Id:     9
# Query_time: 0.000179  Lock_time: 0.000000 Rows_sent: 0  Rows_examined: 0
SET timestamp=1564851847;
# administrator command: Prepare;
# User@Host: root[root] @ project-first-go.project_default [192.168.48.3]  Id:     9
# Query_time: 0.000204  Lock_time: 0.000058 Rows_sent: 1  Rows_examined: 1
SET timestamp=1564851847;
SELECT `id`, `title` FROM `movie` WHERE `id`=1 LIMIT 1;
# User@Host: root[root] @ project-first-go.project_default [192.168.48.3]  Id:     9
# Query_time: 0.000026  Lock_time: 0.000000 Rows_sent: 1  Rows_examined: 1
SET timestamp=1564851847;
# administrator command: Close stmt;
# Time: 190803 17:04:13
# User@Host: root[root] @ project-first-go.project_default [192.168.48.3]  Id:     9
# Query_time: 0.000205  Lock_time: 0.000000 Rows_sent: 0  Rows_examined: 0
SET timestamp=1564851853;
# administrator command: Prepare;
# User@Host: root[root] @ project-first-go.project_default [192.168.48.3]  Id:     9
# Query_time: 0.000165  Lock_time: 0.000045 Rows_sent: 1  Rows_examined: 1
SET timestamp=1564851853;
SELECT `id`, `title` FROM `movie` WHERE `id`=1 LIMIT 1;
# User@Host: root[root] @ project-first-go.project_default [192.168.48.3]  Id:     9
# Query_time: 0.000019  Lock_time: 0.000000 Rows_sent: 1  Rows_examined: 1
SET timestamp=1564851853;
# administrator command: Close stmt;
# Time: 190803 17:04:20
# User@Host: root[root] @ project-first-go.project_default [192.168.48.3]  Id:    10
# Query_time: 0.000112  Lock_time: 0.000000 Rows_sent: 1  Rows_examined: 0
SET timestamp=1564851860;
select @@version_comment limit 1;
# User@Host: root[root] @ project-first-go.project_default [192.168.48.3]  Id:    10
# Query_time: 0.000022  Lock_time: 0.000000 Rows_sent: 1  Rows_examined: 0
SET timestamp=1564851860;
# administrator command: Quit;
